<?xml version="1.0" encoding="UTF-8"?>
<!-- Generated by org.testng.reporters.JUnitReportReporter -->
<testsuite hostname="HOME" name="org.majento.tests.Demoscrip" tests="1" failures="0" timestamp="8 Apr 2018 11:48:45 GMT" time="72.702" errors="0">
  <testcase name="m1" time="72.702" classname="org.majento.tests.Demoscrip"/>
</testsuite> <!-- org.majento.tests.Demoscrip -->
