<?xml version="1.0" encoding="UTF-8"?>
<!-- Generated by org.testng.reporters.JUnitReportReporter -->
<testsuite hostname="HOME" name="org.majento.tests.Script2" tests="1" failures="0" timestamp="10 Apr 2018 13:45:00 GMT" time="40.760" errors="0">
  <testcase name="verifyorderpage" time="40.760" classname="org.majento.tests.Script2"/>
</testsuite> <!-- org.majento.tests.Script2 -->
