<?xml version="1.0" encoding="UTF-8"?>
<!-- Generated by org.testng.reporters.JUnitReportReporter -->
<testsuite hostname="HOME" name="org.majento.tests.Script3" tests="1" failures="0" timestamp="10 Apr 2018 13:47:14 GMT" time="70.358" errors="0">
  <testcase name="verifyreturnreceived" time="70.358" classname="org.majento.tests.Script3"/>
</testsuite> <!-- org.majento.tests.Script3 -->
