<?xml version="1.0" encoding="UTF-8"?>
<!-- Generated by org.testng.reporters.JUnitReportReporter -->
<testsuite hostname="HOME" name="org.majento.tests.Demo" tests="1" failures="0" timestamp="26 Feb 2018 13:06:49 GMT" time="26.356" errors="0">
  <testcase name="m1" time="26.356" classname="org.majento.tests.Demo"/>
</testsuite> <!-- org.majento.tests.Demo -->
