<?xml version="1.0" encoding="UTF-8"?>
<!-- Generated by org.testng.reporters.JUnitReportReporter -->
<testsuite hostname="HOME" name="org.majento.tests.Script1" tests="2" failures="0" timestamp="10 Apr 2018 13:42:27 GMT" time="78.411" errors="0">
  <testcase name="verifyloginofmajentoinvalid" time="27.539" classname="org.majento.tests.Script1"/>
  <testcase name="verifyloginofmajento" time="50.872" classname="org.majento.tests.Script1"/>
</testsuite> <!-- org.majento.tests.Script1 -->
